{
  "stats": {
    "suites": 1,
    "tests": 6,
    "passes": 5,
    "pending": 0,
    "failures": 1,
    "start": "2022-01-20T13:38:57.222Z",
    "end": "2022-01-20T13:39:17.125Z",
    "duration": 19903,
    "testsRegistered": 6,
    "passPercent": 83.33333333333334,
    "pendingPercent": 0,
    "other": 0,
    "hasOther": false,
    "skipped": 0,
    "hasSkipped": false
  },
  "results": [
    {
      "uuid": "6f9386fc-b108-404b-bc34-ff0b8e95e746",
      "title": "",
      "fullFile": "tests/e2e/specs/home.spec.js",
      "file": "tests/e2e/specs/home.spec.js",
      "beforeHooks": [],
      "afterHooks": [],
      "tests": [],
      "suites": [
        {
          "uuid": "ff8e9a08-23e4-4b4b-9612-d39404fe169e",
          "title": "Ponyracer",
          "fullFile": "",
          "file": "",
          "beforeHooks": [],
          "afterHooks": [],
          "tests": [
            {
              "title": "should display title on home page",
              "fullTitle": "Ponyracer should display title on home page",
              "timedOut": null,
              "duration": 218,
              "state": "passed",
              "speed": "fast",
              "pass": true,
              "fail": false,
              "pending": false,
              "context": null,
              "code": "cy.visit('/');\ncy.contains('h1', 'Ponyracer');",
              "err": {},
              "uuid": "996584ef-5958-4b55-91da-75a95fa16d27",
              "parentUUID": "ff8e9a08-23e4-4b4b-9612-d39404fe169e",
              "isHook": false,
              "skipped": false
            },
            {
              "title": "should display a navbar",
              "fullTitle": "Ponyracer should display a navbar",
              "timedOut": null,
              "duration": 111,
              "state": "passed",
              "speed": "fast",
              "pass": true,
              "fail": false,
              "pending": false,
              "context": null,
              "code": "cy.visit('/');\ncy.contains(navbarBrand, 'PonyRacer');\ncy.contains(navbarLink, 'Races');",
              "err": {},
              "uuid": "c744f36d-dfcf-4a08-b07c-9e069f9f9489",
              "parentUUID": "ff8e9a08-23e4-4b4b-9612-d39404fe169e",
              "isHook": false,
              "skipped": false
            },
            {
              "title": "should display a navbar collapsed on small screen",
              "fullTitle": "Ponyracer should display a navbar collapsed on small screen",
              "timedOut": null,
              "duration": 175,
              "state": "passed",
              "speed": "fast",
              "pass": true,
              "fail": false,
              "pending": false,
              "context": null,
              "code": "cy.viewport('iphone-6+');\ncy.visit('/');\ncy.contains(navbarBrand, 'PonyRacer');\ncy.get(navbarLink).should('not.be.visible'); // toggle the navbar\ncy.get('.navbar-toggler').click();\ncy.get(navbarLink).should('be.visible');",
              "err": {},
              "uuid": "c6379ea6-42e8-469c-8e88-629242cb1eb9",
              "parentUUID": "ff8e9a08-23e4-4b4b-9612-d39404fe169e",
              "isHook": false,
              "skipped": false
            },
            {
              "title": "should display a race list",
              "fullTitle": "Ponyracer should display a race list",
              "timedOut": null,
              "duration": 135,
              "state": "passed",
              "speed": "fast",
              "pass": true,
              "fail": false,
              "pending": false,
              "context": null,
              "code": "cy.visit('/'); // loading\ncy.contains('div', 'Loading...');\ncy.wait('@getRaces');\ncy.get('h2').should('have.length', 2);\ncy.get('p').should('have.length', 2).and('contain', 'ago');\ncy.get('div.alert').should('not.exist');",
              "err": {},
              "uuid": "1cb59117-d247-4ec8-9c96-dd775d6188bc",
              "parentUUID": "ff8e9a08-23e4-4b4b-9612-d39404fe169e",
              "isHook": false,
              "skipped": false
            },
            {
              "title": "should display a loading error",
              "fullTitle": "Ponyracer should display a loading error",
              "timedOut": null,
              "duration": 4773,
              "state": "failed",
              "speed": null,
              "pass": false,
              "fail": true,
              "pending": false,
              "context": null,
              "code": "// override the response to have an error\ncy.intercept('GET', 'api/races?status=PENDING', {\n  statusCode: 404,\n  delay: 500\n}).as('getRacesError');\ncy.visit('/'); // loading\ncy.contains('div', 'Loading...');\ncy.wait('@getRacesError');\ncy.contains('div.alert', 'An error occurred while loading.');",
              "err": {
                "message": "AssertionError: Timed out retrying after 4000ms: Expected to find content: 'An error occurred while loading.' within the selector: 'div.alert' but never did.",
                "estack": "AssertionError: Timed out retrying after 4000ms: Expected to find content: 'An error occurred while loading.' within the selector: 'div.alert' but never did.\n    at Context.eval (http://localhost:8081/__cypress/tests?p=tests\\e2e\\specs\\home.spec.js:194:8)",
                "diff": null
              },
              "uuid": "79e90ec9-b810-4b78-accc-848b0bc71af0",
              "parentUUID": "ff8e9a08-23e4-4b4b-9612-d39404fe169e",
              "isHook": false,
              "skipped": false
            },
            {
              "title": "should display ponies",
              "fullTitle": "Ponyracer should display ponies",
              "timedOut": null,
              "duration": 187,
              "state": "passed",
              "speed": "fast",
              "pass": true,
              "fail": false,
              "pending": false,
              "context": null,
              "code": "cy.visit('/');\ncy.wait('@getRaces');\ncy.get('figure').should('have.length', 10);\ncy.get('img').should('have.length', 10);\ncy.get('figcaption').should('have.length', 10);",
              "err": {},
              "uuid": "c55adc1d-e299-4328-a0eb-51f5d246071c",
              "parentUUID": "ff8e9a08-23e4-4b4b-9612-d39404fe169e",
              "isHook": false,
              "skipped": false
            }
          ],
          "suites": [],
          "passes": [
            "996584ef-5958-4b55-91da-75a95fa16d27",
            "c744f36d-dfcf-4a08-b07c-9e069f9f9489",
            "c6379ea6-42e8-469c-8e88-629242cb1eb9",
            "1cb59117-d247-4ec8-9c96-dd775d6188bc",
            "c55adc1d-e299-4328-a0eb-51f5d246071c"
          ],
          "failures": [
            "79e90ec9-b810-4b78-accc-848b0bc71af0"
          ],
          "pending": [],
          "skipped": [],
          "duration": 5599,
          "root": false,
          "rootEmpty": false,
          "_timeout": 2000
        }
      ],
      "passes": [],
      "failures": [],
      "pending": [],
      "skipped": [],
      "duration": 0,
      "root": true,
      "rootEmpty": true,
      "_timeout": 2000
    }
  ],
  "meta": {
    "mocha": {
      "version": "7.0.1"
    },
    "mochawesome": {
      "options": {
        "quiet": false,
        "reportFilename": "mochawesome",
        "saveHtml": false,
        "saveJson": true,
        "consoleReporter": "spec",
        "useInlineDiffs": false,
        "code": true
      },
      "version": "7.0.1"
    },
    "marge": {
      "options": {
        "reportDir": "results/mochawesome",
        "overwrite": false,
        "html": false,
        "json": true
      },
      "version": "6.0.1"
    }
  }
}