{
  "stats": {
    "suites": 1,
    "tests": 6,
    "passes": 6,
    "pending": 0,
    "failures": 0,
    "start": "2022-01-20T10:20:39.405Z",
    "end": "2022-01-20T10:20:40.527Z",
    "duration": 1122,
    "testsRegistered": 6,
    "passPercent": 100,
    "pendingPercent": 0,
    "other": 0,
    "hasOther": false,
    "skipped": 0,
    "hasSkipped": false
  },
  "results": [
    {
      "uuid": "b20e2e0e-199e-474c-9e9f-20e0e4d33d20",
      "title": "",
      "fullFile": "tests/e2e/specs/home.spec.js",
      "file": "tests/e2e/specs/home.spec.js",
      "beforeHooks": [],
      "afterHooks": [],
      "tests": [],
      "suites": [
        {
          "uuid": "6e072028-7942-44fe-978d-2bc1777a347b",
          "title": "Ponyracer",
          "fullFile": "",
          "file": "",
          "beforeHooks": [],
          "afterHooks": [],
          "tests": [
            {
              "title": "should display title on home page",
              "fullTitle": "Ponyracer should display title on home page",
              "timedOut": null,
              "duration": 203,
              "state": "passed",
              "speed": "fast",
              "pass": true,
              "fail": false,
              "pending": false,
              "context": null,
              "code": "cy.visit('/');\ncy.contains('h1', 'Ponyracer');",
              "err": {},
              "uuid": "cddee1e0-4d18-467f-887e-0b0ed8de6392",
              "parentUUID": "6e072028-7942-44fe-978d-2bc1777a347b",
              "isHook": false,
              "skipped": false
            },
            {
              "title": "should display a navbar",
              "fullTitle": "Ponyracer should display a navbar",
              "timedOut": null,
              "duration": 95,
              "state": "passed",
              "speed": "fast",
              "pass": true,
              "fail": false,
              "pending": false,
              "context": null,
              "code": "cy.visit('/');\ncy.contains(navbarBrand, 'PonyRacer');\ncy.contains(navbarLink, 'Races');",
              "err": {},
              "uuid": "7b5ecd1d-f8a9-4e8e-9afb-ed6c4970fa4d",
              "parentUUID": "6e072028-7942-44fe-978d-2bc1777a347b",
              "isHook": false,
              "skipped": false
            },
            {
              "title": "should display a navbar collapsed on small screen",
              "fullTitle": "Ponyracer should display a navbar collapsed on small screen",
              "timedOut": null,
              "duration": 164,
              "state": "passed",
              "speed": "fast",
              "pass": true,
              "fail": false,
              "pending": false,
              "context": null,
              "code": "cy.viewport('iphone-6+');\ncy.visit('/');\ncy.contains(navbarBrand, 'PonyRacer');\ncy.get(navbarLink).should('not.be.visible'); // toggle the navbar\ncy.get('.navbar-toggler').click();\ncy.get(navbarLink).should('be.visible');",
              "err": {},
              "uuid": "4b6d51bf-b350-4b04-a48a-ceae32c98fbc",
              "parentUUID": "6e072028-7942-44fe-978d-2bc1777a347b",
              "isHook": false,
              "skipped": false
            },
            {
              "title": "should display a race list",
              "fullTitle": "Ponyracer should display a race list",
              "timedOut": null,
              "duration": 400,
              "state": "passed",
              "speed": "fast",
              "pass": true,
              "fail": false,
              "pending": false,
              "context": null,
              "code": "cy.visit('/');\ncy.wait('@getRaces');\ncy.get('h2').should('have.length', 2);\ncy.get('p').should('have.length', 2).and('contain', 'ago');\ncy.get('div.alert').should('not.exist');",
              "err": {},
              "uuid": "b008e569-cadf-474c-b172-d7e6069e36b8",
              "parentUUID": "6e072028-7942-44fe-978d-2bc1777a347b",
              "isHook": false,
              "skipped": false
            },
            {
              "title": "should display a loading error",
              "fullTitle": "Ponyracer should display a loading error",
              "timedOut": null,
              "duration": 91,
              "state": "passed",
              "speed": "fast",
              "pass": true,
              "fail": false,
              "pending": false,
              "context": null,
              "code": "// override the response to have an error\ncy.intercept('GET', 'api/races?status=PENDING', {\n  statusCode: 404\n}).as('getRacesError');\ncy.visit('/');\ncy.wait('@getRacesError');\ncy.contains('div.alert', 'An error occurred while loading.');",
              "err": {},
              "uuid": "0b819fc1-8692-4e8a-81be-bb0b84a4496b",
              "parentUUID": "6e072028-7942-44fe-978d-2bc1777a347b",
              "isHook": false,
              "skipped": false
            },
            {
              "title": "should display ponies",
              "fullTitle": "Ponyracer should display ponies",
              "timedOut": null,
              "duration": 124,
              "state": "passed",
              "speed": "fast",
              "pass": true,
              "fail": false,
              "pending": false,
              "context": null,
              "code": "cy.visit('/');\ncy.wait('@getRaces');\ncy.get('figure').should('have.length', 10);\ncy.get('img').should('have.length', 10);\ncy.get('figcaption').should('have.length', 10);",
              "err": {},
              "uuid": "d390bf26-7299-4c21-ace0-7c1a442a00cc",
              "parentUUID": "6e072028-7942-44fe-978d-2bc1777a347b",
              "isHook": false,
              "skipped": false
            }
          ],
          "suites": [],
          "passes": [
            "cddee1e0-4d18-467f-887e-0b0ed8de6392",
            "7b5ecd1d-f8a9-4e8e-9afb-ed6c4970fa4d",
            "4b6d51bf-b350-4b04-a48a-ceae32c98fbc",
            "b008e569-cadf-474c-b172-d7e6069e36b8",
            "0b819fc1-8692-4e8a-81be-bb0b84a4496b",
            "d390bf26-7299-4c21-ace0-7c1a442a00cc"
          ],
          "failures": [],
          "pending": [],
          "skipped": [],
          "duration": 1077,
          "root": false,
          "rootEmpty": false,
          "_timeout": 2000
        }
      ],
      "passes": [],
      "failures": [],
      "pending": [],
      "skipped": [],
      "duration": 0,
      "root": true,
      "rootEmpty": true,
      "_timeout": 2000
    }
  ],
  "meta": {
    "mocha": {
      "version": "7.0.1"
    },
    "mochawesome": {
      "options": {
        "quiet": false,
        "reportFilename": "mochawesome",
        "saveHtml": false,
        "saveJson": true,
        "consoleReporter": "spec",
        "useInlineDiffs": false,
        "code": true
      },
      "version": "7.0.1"
    },
    "marge": {
      "options": {
        "reportDir": "results/mochawesome",
        "overwrite": false,
        "html": false,
        "json": true
      },
      "version": "6.0.1"
    }
  }
}