{
  "numFailedTestSuites": 0,
  "numFailedTests": 0,
  "numPassedTestSuites": 7,
  "numPassedTests": 13,
  "numPendingTestSuites": 0,
  "numPendingTests": 0,
  "numRuntimeErrorTestSuites": 0,
  "numTodoTests": 0,
  "numTotalTestSuites": 7,
  "numTotalTests": 13,
  "openHandles": [],
  "snapshot": {
    "added": 0,
    "didUpdate": false,
    "failure": false,
    "filesAdded": 0,
    "filesRemoved": 0,
    "filesRemovedList": [],
    "filesUnmatched": 0,
    "filesUpdated": 0,
    "matched": 0,
    "total": 0,
    "unchecked": 0,
    "uncheckedKeysByFile": [],
    "unmatched": 0,
    "updated": 0
  },
  "startTime": 1642678567104,
  "success": false,
  "testResults": [
    {
      "leaks": false,
      "numFailingTests": 0,
      "numPassingTests": 3,
      "numPendingTests": 0,
      "numTodoTests": 0,
      "openHandles": [],
      "perfStats": {
        "end": 1642678572816,
        "runtime": 3891,
        "slow": false,
        "start": 1642678568925
      },
      "skipped": false,
      "snapshot": {
        "added": 0,
        "fileDeleted": false,
        "matched": 0,
        "unchecked": 0,
        "uncheckedKeys": [],
        "unmatched": 0,
        "updated": 0
      },
      "testFilePath": "C:\\Users\\liess.inoudjal\\ninja_vuejs3\\ponyracer\\tests\\unit\\components\\Alert.spec.ts",
      "testResults": [
        {
          "ancestorTitles": [
            "Alert.vue"
          ],
          "duration": 33,
          "failureDetails": [],
          "failureMessages": [],
          "fullName": "Alert.vue should display the alert content",
          "invocations": 1,
          "location": null,
          "numPassingAsserts": 0,
          "status": "passed",
          "title": "should display the alert content"
        },
        {
          "ancestorTitles": [
            "Alert.vue"
          ],
          "duration": 20,
          "failureDetails": [],
          "failureMessages": [],
          "fullName": "Alert.vue should have the correct CSS classes",
          "invocations": 1,
          "location": null,
          "numPassingAsserts": 0,
          "status": "passed",
          "title": "should have the correct CSS classes"
        },
        {
          "ancestorTitles": [
            "Alert.vue"
          ],
          "duration": 10,
          "failureDetails": [],
          "failureMessages": [],
          "fullName": "Alert.vue should be dismissible",
          "invocations": 1,
          "location": null,
          "numPassingAsserts": 0,
          "status": "passed",
          "title": "should be dismissible"
        }
      ],
      "failureMessage": null
    },
    {
      "leaks": false,
      "numFailingTests": 0,
      "numPassingTests": 2,
      "numPendingTests": 0,
      "numTodoTests": 0,
      "openHandles": [],
      "perfStats": {
        "end": 1642678574571,
        "runtime": 1671,
        "slow": false,
        "start": 1642678572900
      },
      "skipped": false,
      "snapshot": {
        "added": 0,
        "fileDeleted": false,
        "matched": 0,
        "unchecked": 0,
        "uncheckedKeys": [],
        "unmatched": 0,
        "updated": 0
      },
      "testFilePath": "C:\\Users\\liess.inoudjal\\ninja_vuejs3\\ponyracer\\tests\\unit\\views\\Races.spec.ts",
      "testResults": [
        {
          "ancestorTitles": [
            "Races.vue"
          ],
          "duration": 23,
          "failureDetails": [],
          "failureMessages": [],
          "fullName": "Races.vue should display every race name in a title",
          "invocations": 1,
          "location": null,
          "numPassingAsserts": 0,
          "status": "passed",
          "title": "should display every race name in a title"
        },
        {
          "ancestorTitles": [
            "Races.vue"
          ],
          "duration": 10,
          "failureDetails": [],
          "failureMessages": [],
          "fullName": "Races.vue should display a closable alert in case of error",
          "invocations": 1,
          "location": null,
          "numPassingAsserts": 0,
          "status": "passed",
          "title": "should display a closable alert in case of error"
        }
      ],
      "failureMessage": null
    },
    {
      "leaks": false,
      "numFailingTests": 0,
      "numPassingTests": 2,
      "numPendingTests": 0,
      "numTodoTests": 0,
      "openHandles": [],
      "perfStats": {
        "end": 1642678575152,
        "runtime": 508,
        "slow": false,
        "start": 1642678574644
      },
      "skipped": false,
      "snapshot": {
        "added": 0,
        "fileDeleted": false,
        "matched": 0,
        "unchecked": 0,
        "uncheckedKeys": [],
        "unmatched": 0,
        "updated": 0
      },
      "testFilePath": "C:\\Users\\liess.inoudjal\\ninja_vuejs3\\ponyracer\\tests\\unit\\components\\Pony.spec.ts",
      "testResults": [
        {
          "ancestorTitles": [
            "Pony.vue"
          ],
          "duration": 14,
          "failureDetails": [],
          "failureMessages": [],
          "fullName": "Pony.vue should display an image and a legend",
          "invocations": 1,
          "location": null,
          "numPassingAsserts": 0,
          "status": "passed",
          "title": "should display an image and a legend"
        },
        {
          "ancestorTitles": [
            "Pony.vue"
          ],
          "duration": 3,
          "failureDetails": [],
          "failureMessages": [],
          "fullName": "Pony.vue should emit an event on click",
          "invocations": 1,
          "location": null,
          "numPassingAsserts": 0,
          "status": "passed",
          "title": "should emit an event on click"
        }
      ],
      "failureMessage": null
    },
    {
      "leaks": false,
      "numFailingTests": 0,
      "numPassingTests": 3,
      "numPendingTests": 0,
      "numTodoTests": 0,
      "openHandles": [],
      "perfStats": {
        "end": 1642678576161,
        "runtime": 941,
        "slow": false,
        "start": 1642678575220
      },
      "skipped": false,
      "snapshot": {
        "added": 0,
        "fileDeleted": false,
        "matched": 0,
        "unchecked": 0,
        "uncheckedKeys": [],
        "unmatched": 0,
        "updated": 0
      },
      "testFilePath": "C:\\Users\\liess.inoudjal\\ninja_vuejs3\\ponyracer\\tests\\unit\\App.spec.ts",
      "testResults": [
        {
          "ancestorTitles": [
            "App.vue"
          ],
          "duration": 46,
          "failureDetails": [],
          "failureMessages": [],
          "fullName": "App.vue renders a title",
          "invocations": 1,
          "location": null,
          "numPassingAsserts": 0,
          "status": "passed",
          "title": "renders a title"
        },
        {
          "ancestorTitles": [
            "App.vue"
          ],
          "duration": 10,
          "failureDetails": [],
          "failureMessages": [],
          "fullName": "App.vue renders the navbar",
          "invocations": 1,
          "location": null,
          "numPassingAsserts": 0,
          "status": "passed",
          "title": "renders the navbar"
        },
        {
          "ancestorTitles": [
            "App.vue"
          ],
          "duration": 8,
          "failureDetails": [],
          "failureMessages": [],
          "fullName": "App.vue renders the races list",
          "invocations": 1,
          "location": null,
          "numPassingAsserts": 0,
          "status": "passed",
          "title": "renders the races list"
        }
      ],
      "failureMessage": null
    },
    {
      "leaks": false,
      "numFailingTests": 0,
      "numPassingTests": 1,
      "numPendingTests": 0,
      "numTodoTests": 0,
      "openHandles": [],
      "perfStats": {
        "end": 1642678576710,
        "runtime": 481,
        "slow": false,
        "start": 1642678576229
      },
      "skipped": false,
      "snapshot": {
        "added": 0,
        "fileDeleted": false,
        "matched": 0,
        "unchecked": 0,
        "uncheckedKeys": [],
        "unmatched": 0,
        "updated": 0
      },
      "testFilePath": "C:\\Users\\liess.inoudjal\\ninja_vuejs3\\ponyracer\\tests\\unit\\components\\Navbar.spec.ts",
      "testResults": [
        {
          "ancestorTitles": [
            "Navbar.vue"
          ],
          "duration": 16,
          "failureDetails": [],
          "failureMessages": [],
          "fullName": "Navbar.vue should toggle the class on click",
          "invocations": 1,
          "location": null,
          "numPassingAsserts": 0,
          "status": "passed",
          "title": "should toggle the class on click"
        }
      ],
      "failureMessage": null
    },
    {
      "leaks": false,
      "numFailingTests": 0,
      "numPassingTests": 1,
      "numPendingTests": 0,
      "numTodoTests": 0,
      "openHandles": [],
      "perfStats": {
        "end": 1642678577032,
        "runtime": 269,
        "slow": false,
        "start": 1642678576763
      },
      "skipped": false,
      "snapshot": {
        "added": 0,
        "fileDeleted": false,
        "matched": 0,
        "unchecked": 0,
        "uncheckedKeys": [],
        "unmatched": 0,
        "updated": 0
      },
      "testFilePath": "C:\\Users\\liess.inoudjal\\ninja_vuejs3\\ponyracer\\tests\\unit\\composables\\RaceService.spec.ts",
      "testResults": [
        {
          "ancestorTitles": [
            "useRaceService"
          ],
          "duration": 4,
          "failureDetails": [],
          "failureMessages": [],
          "fullName": "useRaceService should list races",
          "invocations": 1,
          "location": null,
          "numPassingAsserts": 0,
          "status": "passed",
          "title": "should list races"
        }
      ],
      "failureMessage": null
    },
    {
      "leaks": false,
      "numFailingTests": 0,
      "numPassingTests": 1,
      "numPendingTests": 0,
      "numTodoTests": 0,
      "openHandles": [],
      "perfStats": {
        "end": 1642678577528,
        "runtime": 438,
        "slow": false,
        "start": 1642678577090
      },
      "skipped": false,
      "snapshot": {
        "added": 0,
        "fileDeleted": false,
        "matched": 0,
        "unchecked": 0,
        "uncheckedKeys": [],
        "unmatched": 0,
        "updated": 0
      },
      "testFilePath": "C:\\Users\\liess.inoudjal\\ninja_vuejs3\\ponyracer\\tests\\unit\\utils\\FromNow.spec.ts",
      "testResults": [
        {
          "ancestorTitles": [
            "FromNow"
          ],
          "duration": 2,
          "failureDetails": [],
          "failureMessages": [],
          "fullName": "FromNow should transform a date",
          "invocations": 1,
          "location": null,
          "numPassingAsserts": 0,
          "status": "passed",
          "title": "should transform a date"
        }
      ],
      "failureMessage": null
    }
  ],
  "wasInterrupted": false,
  "coverageMap": {
    "C:/Users/liess.inoudjal/ninja_vuejs3/ponyracer/src/components/Alert.vue": {
      "path": "C:/Users/liess.inoudjal/ninja_vuejs3/ponyracer/src/components/Alert.vue",
      "statementMap": {
        "0": {
          "start": {
            "line": 9,
            "column": 0
          },
          "end": {
            "line": 9,
            "column": null
          }
        },
        "1": {
          "start": {
            "line": 20,
            "column": 21
          },
          "end": {
            "line": 20,
            "column": 30
          }
        },
        "2": {
          "start": {
            "line": 21,
            "column": 2
          },
          "end": {
            "line": 21,
            "column": 9
          }
        },
        "3": {
          "start": {
            "line": 25,
            "column": 2
          },
          "end": {
            "line": 25,
            "column": 7
          }
        }
      },
      "fnMap": {
        "0": {
          "name": "(anonymous_1)",
          "decl": {
            "start": {
              "line": 20,
              "column": 30
            },
            "end": {
              "line": 20,
              "column": null
            }
          },
          "loc": {
            "start": {
              "line": 20,
              "column": 30
            },
            "end": {
              "line": 22,
              "column": null
            }
          }
        },
        "1": {
          "name": "dismiss",
          "decl": {
            "start": {
              "line": 24,
              "column": 9
            },
            "end": {
              "line": 24,
              "column": 16
            }
          },
          "loc": {
            "start": {
              "line": 24,
              "column": 16
            },
            "end": {
              "line": 26,
              "column": null
            }
          }
        }
      },
      "branchMap": {
        "0": {
          "loc": {
            "start": {
              "line": 21,
              "column": 18
            },
            "end": {
              "line": 21,
              "column": 62
            }
          },
          "type": "cond-expr",
          "locations": [
            {
              "start": {
                "line": 21,
                "column": 38
              },
              "end": {
                "line": 21,
                "column": 60
              }
            },
            {
              "start": {
                "line": 21,
                "column": 60
              },
              "end": {
                "line": 21,
                "column": 62
              }
            }
          ]
        }
      },
      "s": {
        "0": 3,
        "1": 4,
        "2": 7,
        "3": 2
      },
      "f": {
        "0": 7,
        "1": 2
      },
      "b": {
        "0": [
          3,
          4
        ]
      }
    },
    "C:/Users/liess.inoudjal/ninja_vuejs3/ponyracer/src/views/Races.vue": {
      "path": "C:/Users/liess.inoudjal/ninja_vuejs3/ponyracer/src/views/Races.vue",
      "statementMap": {
        "0": {
          "start": {
            "line": 11,
            "column": 0
          },
          "end": {
            "line": 11,
            "column": null
          }
        },
        "1": {
          "start": {
            "line": 13,
            "column": 0
          },
          "end": {
            "line": 13,
            "column": null
          }
        },
        "2": {
          "start": {
            "line": 14,
            "column": 0
          },
          "end": {
            "line": 14,
            "column": null
          }
        },
        "3": {
          "start": {
            "line": 15,
            "column": 0
          },
          "end": {
            "line": 15,
            "column": null
          }
        },
        "4": {
          "start": {
            "line": 17,
            "column": 14
          },
          "end": {
            "line": 17,
            "column": 43
          }
        },
        "5": {
          "start": {
            "line": 18,
            "column": 20
          },
          "end": {
            "line": 18,
            "column": null
          }
        },
        "6": {
          "start": {
            "line": 19,
            "column": 14
          },
          "end": {
            "line": 19,
            "column": 18
          }
        },
        "7": {
          "start": {
            "line": 21,
            "column": 0
          },
          "end": {
            "line": 21,
            "column": 10
          }
        },
        "8": {
          "start": {
            "line": 21,
            "column": 10
          },
          "end": {
            "line": 21,
            "column": null
          }
        },
        "9": {
          "start": {
            "line": 23,
            "column": 4
          },
          "end": {
            "line": 23,
            "column": 10
          }
        },
        "10": {
          "start": {
            "line": 23,
            "column": 18
          },
          "end": {
            "line": 23,
            "column": 24
          }
        },
        "11": {
          "start": {
            "line": 25,
            "column": 4
          },
          "end": {
            "line": 25,
            "column": 9
          }
        }
      },
      "fnMap": {
        "0": {
          "name": "(anonymous_1)",
          "decl": {
            "start": {
              "line": 21,
              "column": 10
            },
            "end": {
              "line": 21,
              "column": null
            }
          },
          "loc": {
            "start": {
              "line": 21,
              "column": 10
            },
            "end": {
              "line": 27,
              "column": null
            }
          }
        }
      },
      "branchMap": {},
      "s": {
        "0": 2,
        "1": 2,
        "2": 2,
        "3": 2,
        "4": 5,
        "5": 5,
        "6": 5,
        "7": 5,
        "8": 5,
        "9": 7,
        "10": 5,
        "11": 1
      },
      "f": {
        "0": 10
      },
      "b": {}
    },
    "C:/Users/liess.inoudjal/ninja_vuejs3/ponyracer/src/components/Race.vue": {
      "path": "C:/Users/liess.inoudjal/ninja_vuejs3/ponyracer/src/components/Race.vue",
      "statementMap": {
        "0": {
          "start": {
            "line": 13,
            "column": 0
          },
          "end": {
            "line": 13,
            "column": null
          }
        },
        "1": {
          "start": {
            "line": 14,
            "column": 0
          },
          "end": {
            "line": 14,
            "column": null
          }
        },
        "2": {
          "start": {
            "line": 15,
            "column": 0
          },
          "end": {
            "line": 15,
            "column": null
          }
        },
        "3": {
          "start": {
            "line": 21,
            "column": 21
          },
          "end": {
            "line": 21,
            "column": 30
          }
        },
        "4": {
          "start": {
            "line": 22,
            "column": 2
          },
          "end": {
            "line": 22,
            "column": 9
          }
        }
      },
      "fnMap": {
        "0": {
          "name": "(anonymous_1)",
          "decl": {
            "start": {
              "line": 21,
              "column": 30
            },
            "end": {
              "line": 21,
              "column": null
            }
          },
          "loc": {
            "start": {
              "line": 21,
              "column": 30
            },
            "end": {
              "line": 23,
              "column": null
            }
          }
        }
      },
      "branchMap": {},
      "s": {
        "0": 2,
        "1": 2,
        "2": 2,
        "3": 2,
        "4": 2
      },
      "f": {
        "0": 2
      },
      "b": {}
    },
    "C:\\Users\\liess.inoudjal\\ninja_vuejs3\\ponyracer\\src\\utils\\FromNow.ts": {
      "path": "C:\\Users\\liess.inoudjal\\ninja_vuejs3\\ponyracer\\src\\utils\\FromNow.ts",
      "statementMap": {
        "0": {
          "start": {
            "line": 1,
            "column": 0
          },
          "end": {
            "line": 1,
            "column": 63
          }
        },
        "1": {
          "start": {
            "line": 4,
            "column": 12
          },
          "end": {
            "line": 4,
            "column": 26
          }
        },
        "2": {
          "start": {
            "line": 5,
            "column": 2
          },
          "end": {
            "line": 5,
            "column": 59
          }
        },
        "3": {
          "start": {
            "line": 3,
            "column": 0
          },
          "end": {
            "line": 3,
            "column": 24
          }
        }
      },
      "fnMap": {
        "0": {
          "name": "fromNow",
          "decl": {
            "start": {
              "line": 3,
              "column": 24
            },
            "end": {
              "line": 3,
              "column": 31
            }
          },
          "loc": {
            "start": {
              "line": 3,
              "column": 44
            },
            "end": {
              "line": 6,
              "column": 1
            }
          }
        }
      },
      "branchMap": {},
      "s": {
        "0": 3,
        "1": 3,
        "2": 3,
        "3": 3
      },
      "f": {
        "0": 3
      },
      "b": {}
    },
    "C:/Users/liess.inoudjal/ninja_vuejs3/ponyracer/src/components/Pony.vue": {
      "path": "C:/Users/liess.inoudjal/ninja_vuejs3/ponyracer/src/components/Pony.vue",
      "statementMap": {
        "0": {
          "start": {
            "line": 9,
            "column": 0
          },
          "end": {
            "line": 9,
            "column": null
          }
        },
        "1": {
          "start": {
            "line": 19,
            "column": 21
          },
          "end": {
            "line": 19,
            "column": 30
          }
        },
        "2": {
          "start": {
            "line": 20,
            "column": 16
          },
          "end": {
            "line": 20,
            "column": 21
          }
        },
        "3": {
          "start": {
            "line": 21,
            "column": 2
          },
          "end": {
            "line": 21,
            "column": 9
          }
        },
        "4": {
          "start": {
            "line": 25,
            "column": 2
          },
          "end": {
            "line": 25,
            "column": 7
          }
        }
      },
      "fnMap": {
        "0": {
          "name": "(anonymous_1)",
          "decl": {
            "start": {
              "line": 19,
              "column": 30
            },
            "end": {
              "line": 19,
              "column": null
            }
          },
          "loc": {
            "start": {
              "line": 19,
              "column": 30
            },
            "end": {
              "line": 22,
              "column": null
            }
          }
        },
        "1": {
          "name": "clicked",
          "decl": {
            "start": {
              "line": 24,
              "column": 9
            },
            "end": {
              "line": 24,
              "column": 17
            }
          },
          "loc": {
            "start": {
              "line": 24,
              "column": 32
            },
            "end": {
              "line": 26,
              "column": null
            }
          }
        }
      },
      "branchMap": {},
      "s": {
        "0": 3,
        "1": 2,
        "2": 2,
        "3": 2,
        "4": 1
      },
      "f": {
        "0": 2,
        "1": 1
      },
      "b": {}
    },
    "C:/Users/liess.inoudjal/ninja_vuejs3/ponyracer/src/App.vue": {
      "path": "C:/Users/liess.inoudjal/ninja_vuejs3/ponyracer/src/App.vue",
      "statementMap": {
        "0": {
          "start": {
            "line": 10,
            "column": 0
          },
          "end": {
            "line": 10,
            "column": null
          }
        },
        "1": {
          "start": {
            "line": 11,
            "column": 0
          },
          "end": {
            "line": 11,
            "column": null
          }
        }
      },
      "fnMap": {},
      "branchMap": {},
      "s": {
        "0": 1,
        "1": 1
      },
      "f": {},
      "b": {}
    },
    "C:/Users/liess.inoudjal/ninja_vuejs3/ponyracer/src/components/Navbar.vue": {
      "path": "C:/Users/liess.inoudjal/ninja_vuejs3/ponyracer/src/components/Navbar.vue",
      "statementMap": {
        "0": {
          "start": {
            "line": 20,
            "column": 0
          },
          "end": {
            "line": 20,
            "column": null
          }
        },
        "1": {
          "start": {
            "line": 22,
            "column": 24
          },
          "end": {
            "line": 22,
            "column": 28
          }
        },
        "2": {
          "start": {
            "line": 25,
            "column": 2
          },
          "end": {
            "line": 25,
            "column": 17
          }
        }
      },
      "fnMap": {
        "0": {
          "name": "toggleNavbar",
          "decl": {
            "start": {
              "line": 24,
              "column": 9
            },
            "end": {
              "line": 24,
              "column": 21
            }
          },
          "loc": {
            "start": {
              "line": 24,
              "column": 21
            },
            "end": {
              "line": 26,
              "column": null
            }
          }
        }
      },
      "branchMap": {},
      "s": {
        "0": 2,
        "1": 4,
        "2": 1
      },
      "f": {
        "0": 1
      },
      "b": {}
    },
    "C:\\Users\\liess.inoudjal\\ninja_vuejs3\\ponyracer\\src\\composables\\RaceService.ts": {
      "path": "C:\\Users\\liess.inoudjal\\ninja_vuejs3\\ponyracer\\src\\composables\\RaceService.ts",
      "statementMap": {
        "0": {
          "start": {
            "line": 3,
            "column": 0
          },
          "end": {
            "line": 3,
            "column": 26
          }
        },
        "1": {
          "start": {
            "line": 6,
            "column": 17
          },
          "end": {
            "line": 6,
            "column": 52
          }
        },
        "2": {
          "start": {
            "line": 9,
            "column": 10
          },
          "end": {
            "line": 9,
            "column": 43
          }
        },
        "3": {
          "start": {
            "line": 10,
            "column": 10
          },
          "end": {
            "line": 12,
            "column": 6
          }
        },
        "4": {
          "start": {
            "line": 13,
            "column": 21
          },
          "end": {
            "line": 13,
            "column": null
          }
        },
        "5": {
          "start": {
            "line": 13,
            "column": 10
          },
          "end": {
            "line": 13,
            "column": null
          }
        },
        "6": {
          "start": {
            "line": 14,
            "column": 4
          },
          "end": {
            "line": 14,
            "column": 25
          }
        },
        "7": {
          "start": {
            "line": 17,
            "column": 2
          },
          "end": {
            "line": 19,
            "column": 4
          }
        },
        "8": {
          "start": {
            "line": 5,
            "column": 0
          },
          "end": {
            "line": 5,
            "column": 16
          }
        }
      },
      "fnMap": {
        "0": {
          "name": "useRaceService",
          "decl": {
            "start": {
              "line": 5,
              "column": 16
            },
            "end": {
              "line": 5,
              "column": 30
            }
          },
          "loc": {
            "start": {
              "line": 5,
              "column": 30
            },
            "end": {
              "line": 20,
              "column": 1
            }
          }
        },
        "1": {
          "name": "list",
          "decl": {
            "start": {
              "line": 8,
              "column": 17
            },
            "end": {
              "line": 8,
              "column": 21
            }
          },
          "loc": {
            "start": {
              "line": 8,
              "column": 21
            },
            "end": {
              "line": 15,
              "column": null
            }
          }
        }
      },
      "branchMap": {},
      "s": {
        "0": 2,
        "1": 4,
        "2": 4,
        "3": 4,
        "4": 4,
        "5": 1,
        "6": 1,
        "7": 4,
        "8": 2
      },
      "f": {
        "0": 4,
        "1": 4
      },
      "b": {}
    }
  }
}