TN:
SF:src\App.vue
FNF:0
FNH:0
DA:10,1
DA:11,1
LF:2
LH:2
BRF:0
BRH:0
end_of_record
TN:
SF:src\components\Navbar.vue
FN:24,toggleNavbar
FNF:1
FNH:1
FNDA:1,toggleNavbar
DA:20,2
DA:22,4
DA:25,1
LF:3
LH:3
BRF:0
BRH:0
end_of_record
TN:
SF:src\components\Pony.vue
FN:19,(anonymous_1)
FN:24,clicked
FNF:2
FNH:2
FNDA:37,(anonymous_1)
FNDA:1,clicked
DA:9,4
DA:19,37
DA:20,37
DA:21,37
DA:25,1
LF:5
LH:5
BRF:0
BRH:0
end_of_record
TN:
SF:src\components\Race.vue
FN:21,(anonymous_1)
FNF:1
FNH:1
FNDA:9,(anonymous_1)
DA:13,3
DA:14,3
DA:15,3
DA:21,9
DA:22,9
LF:5
LH:5
BRF:0
BRH:0
end_of_record
TN:
SF:src\composables\RaceService.ts
FN:2,useRaceService
FN:29,list
FN:31,(anonymous_2)
FNF:3
FNH:3
FNDA:4,useRaceService
FNDA:4,list
FNDA:4,(anonymous_2)
DA:2,2
DA:3,4
DA:31,4
DA:32,4
DA:35,4
LF:5
LH:5
BRF:0
BRH:0
end_of_record
TN:
SF:src\utils\FromNow.ts
FN:3,fromNow
FNF:1
FNH:1
FNDA:10,fromNow
DA:1,4
DA:3,4
DA:4,10
DA:5,10
LF:4
LH:4
BRF:0
BRH:0
end_of_record
TN:
SF:src\views\Races.vue
FN:17,(anonymous_1)
FNF:1
FNH:1
FNDA:8,(anonymous_1)
DA:9,2
DA:11,2
DA:12,2
DA:14,4
DA:15,4
DA:17,4
DA:18,8
LF:7
LH:7
BRF:0
BRH:0
end_of_record
