TN:
SF:src\App.vue
FNF:0
FNH:0
DA:10,1
DA:11,1
DA:12,1
DA:14,1
LF:4
LH:4
BRF:0
BRH:0
end_of_record
TN:
SF:src\components\Navbar.vue
FN:25,(anonymous_0)
FN:28,toggleNavbar
FNF:2
FNH:2
FNDA:4,(anonymous_0)
FNDA:1,toggleNavbar
DA:20,2
DA:22,2
DA:26,4
DA:29,1
DA:31,4
LF:5
LH:5
BRF:0
BRH:0
end_of_record
TN:
SF:src\components\Pony.vue
FN:21,(anonymous_0)
FN:22,(anonymous_1)
FN:32,(anonymous_2)
FNF:3
FNH:3
FNDA:37,(anonymous_0)
FNDA:37,(anonymous_1)
FNDA:1,(anonymous_2)
DA:9,4
DA:12,4
DA:22,37
DA:23,37
DA:24,37
DA:27,37
DA:33,1
LF:7
LH:7
BRF:0
BRH:0
end_of_record
TN:
SF:src\components\Race.vue
FN:28,(anonymous_0)
FN:29,(anonymous_1)
FNF:2
FNH:2
FNDA:9,(anonymous_0)
FNDA:9,(anonymous_1)
DA:13,3
DA:14,3
DA:15,3
DA:17,3
DA:29,9
DA:30,9
DA:33,9
LF:7
LH:7
BRF:0
BRH:0
end_of_record
TN:
SF:src\composables\RaceService.ts
FN:2,useRaceService
FN:29,list
FN:31,(anonymous_2)
FNF:3
FNH:3
FNDA:4,useRaceService
FNDA:4,list
FNDA:4,(anonymous_2)
DA:2,2
DA:3,4
DA:31,4
DA:32,4
DA:35,4
LF:5
LH:5
BRF:0
BRH:0
end_of_record
TN:
SF:src\utils\FromNow.ts
FN:3,fromNow
FNF:1
FNH:1
FNDA:10,fromNow
DA:1,4
DA:3,4
DA:4,10
DA:5,10
LF:4
LH:4
BRF:0
BRH:0
end_of_record
TN:
SF:src\views\Races.vue
FN:20,(anonymous_0)
FN:24,(anonymous_1)
FNF:2
FNH:2
FNDA:4,(anonymous_0)
FNDA:8,(anonymous_1)
DA:9,2
DA:11,2
DA:12,2
DA:14,2
DA:20,4
DA:21,4
DA:22,4
DA:24,4
DA:25,8
DA:28,4
LF:10
LH:10
BRF:0
BRH:0
end_of_record
